   1               		.file	"fonts.c"
   2               	__SP_H__ = 0x3e
   3               	__SP_L__ = 0x3d
   4               	__SREG__ = 0x3f
   5               	__tmp_reg__ = 0
   6               	__zero_reg__ = 1
   7               		.text
   8               	.Ltext0:
   9               		.cfi_sections	.debug_frame
  10               	.global	pic
  11               		.section	.rodata
  14               	pic:
  15 0000 00        		.string	""
  16 0001 00        		.string	""
  17 0002 00        		.string	""
  18 0003 00        		.string	""
  19 0004 00        		.string	""
  20 0005 C000      		.string	"\300"
  21 0007 E000      		.string	"\340"
  22 0009 F000      		.string	"\360"
  23 000b FC00      		.string	"\374"
  24 000d 00        		.string	""
  25 000e 00        		.string	""
  26 000f 00        		.string	""
  27 0010 0406 1212 		.string	"\004\006\022\022\376\354"
  27      FEEC 00
  28 0017 F8FC 0602 		.string	"\370\374\006\002\"\346\344"
  28      22E6 E400 
  29 001f 00        		.string	""
  30 0020 00        		.string	""
  31 0021 F090 9C04 		.string	"\360\220\234\004\364\004\364\364\004\364\364\004\004\374"
  31      F404 F4F4 
  31      04F4 F404 
  31      04FC 00
  32 0030 00        		.string	""
  33 0031 00        		.string	""
  34 0032 00        		.string	""
  35 0033 0300      		.string	"\003"
  36 0035 0300      		.string	"\003"
  37 0037 0300      		.string	"\003"
  38 0039 0300      		.string	"\003"
  39 003b 0300      		.string	"\003"
  40 003d 00        		.string	""
  41 003e 00        		.string	""
  42 003f 00        		.string	""
  43 0040 0103 0202 		.string	"\001\003\002\002\003\001"
  43      0301 00
  44 0047 00        		.string	""
  45 0048 0103 0202 		.string	"\001\003\002\002\003\001"
  45      0301 00
  46 004f 00        		.string	""
  47 0050 00        		.string	""
  48 0051 00        		.string	""
  49 0052 00        		.string	""
  50 0053 0302 0202 		.string	"\003\002\002\002\002\002\002\002\002\002\002\003"
  50      0202 0202 
  50      0202 0203 
  50      00
  51 0060 00        		.string	""
  52 0061 00        		.string	""
  53 0062 0C06 FFFF 		.string	"\f\006\377\377"
  53      00
  54 0067 00        		.string	""
  55 0068 00        		.string	""
  56 0069 0C06 FFFF 		.string	"\f\006\377\377"
  56      00
  57 006e 00        		.string	""
  58 006f 00        		.string	""
  59 0070 1818 00   		.string	"\030\030"
  60 0073 FEFF 0101 		.string	"\376\377\001\001\377\376"
  60      FFFE 00
  61 007a 1C1F 0B09 		.string	"\034\037\013\t\371\361"
  61      F9F1 00
  62 0081 F848 4878 		.string	"\370HHx"
  62      00
  63 0086 F830 C000 		.string	"\3700\300"
  64 008a C030 F800 		.string	"\3000\370"
  65 008e 00        		.string	""
  66 008f 00        		.string	""
  67 0090 00        		.string	""
  68 0091 00        		.string	""
  69 0092 C020 2323 		.string	"\300 ## @"
  69      2040 00
  70 0099 00        		.string	""
  71 009a 8083 8300 		.string	"\200\203\203"
  72 009e 80E0 8303 		.string	"\200\340\203\003\200\001\003\002\202\003\201"
  72      8001 0302 
  72      8203 8100 
  73 00aa 8103 0282 		.string	"\201\003\002\202\203\001\340\003"
  73      8301 E003 
  73      00
  74 00b3 8080 8003 		.string	"\200\200\200\003"
  74      00
  75 00b8 8102 0100 		.string	"\201\002\001"
  76 00bc 8300      		.string	"\203"
  77 00be 00        		.string	""
  78 00bf 00        		.string	""
  79 00c0 00        		.string	""
  80 00c1 00        		.string	""
  81 00c2 0811 1112 		.string	"\b\021\021\022\022\f"
  81      120C 00
  82 00c9 0D12 120A 		.string	"\r\022\022\n\037"
  82      1F00 
  83 00cf 1F10 00   		.string	"\037\020"
  84 00d2 0F10 1008 		.string	"\017\020\020\b\037"
  84      1F00 
  85 00d8 1F01 00   		.string	"\037\001"
  86 00db 00        		.string	""
  87 00dc 0F10 1009 		.string	"\017\020\020\t\037"
  87      1F00 
  88 00e2 0D12 120A 		.string	"\r\022\022\n\037"
  88      1F00 
  89 00e8 0146 3806 		.string	"\001F8\006\001"
  89      0100 
  90 00ee 00        		.string	""
  91 00ef 00        		.string	""
  92 00f0 F804 0404 		.string	"\370\004\004\004\210"
  92      8800 
  93 00f6 FC10 10E0 		.string	"\374\020\020\340"
  93      00
  94 00fb F400      		.string	"\364"
  95 00fd F010 10E0 		.string	"\360\020\020\340"
  95      00
  96 0102 9050 50F0 		.string	"\220PP\360"
  96      00
  97 0107 FC18 E000 		.string	"\374\030\340"
  98 010b E018 FCE0 		.string	"\340\030\374\340\020\020\340"
  98      1010 E000 
  99 0113 FC10 10E0 		.string	"\374\020\020\340"
  99      00
 100 0118 F400      		.string	"\364"
 101 011a FC00      		.string	"\374"
 102 011c E050 5060 		.string	"\340PP`"
 102      00
 103 0121 0101 01C0 		.string	"\001\001\001\300"
 103      00
 104 0126 0100      		.string	"\001"
 105 0128 00        		.string	""
 106 0129 0100      		.string	"\001"
 107 012b 0100      		.string	"\001"
 108 012d 0100      		.string	"\001"
 109 012f 00        		.string	""
 110 0130 0100      		.string	"\001"
 111 0132 8141 4141 		.string	"\201AAA\200\001"
 111      8001 00
 112 0139 00        		.string	""
 113 013a 8140 4041 		.string	"\201@@A\200\001\201@@A\201\001"
 113      8001 8140 
 113      4041 8101 
 113      00
 114 0147 80C1 00   		.string	"\200\301"
 115 014a 8140 4041 		.string	"\201@@A\201\001"
 115      8101 00
 116 0151 1820 201F 		.string	"\030  \037"
 116      00
 117 0156 1A25 2515 		.string	"\032%%\025>"
 117      3E00 
 118 015c 3F01 0101 		.string	"?\001\001\001>"
 118      3E00 
 119 0162 1D22 2222 		.string	"\035\"\"\"\035"
 119      1D00 
 120 0168 00        		.string	""
 121 0169 00        		.string	""
 122 016a 2030 2824 		.string	" 0($#"
 122      2300 
 123 0170 1F20 2020 		.string	"\037   \037"
 123      1F00 
 124 0176 0100      		.string	"\001"
 125 0178 3F00      		.string	"?"
 126 017a 1D22 2222 		.string	"\035\"\"\"\035"
 126      1D00 
 127               	.global	font26
 130               	font26:
 131 0180 00        		.string	""
 132 0181 00        		.string	""
 133 0182 00        		.string	""
 134 0183 00        		.string	""
 135 0184 00        		.string	""
 136 0185 00        		.string	""
 137 0186 00        		.string	""
 138 0187 00        		.string	""
 139 0188 00        		.string	""
 140 0189 00        		.string	""
 141 018a 00        		.string	""
 142 018b 00        		.string	""
 143 018c 00        		.string	""
 144 018d 00        		.string	""
 145 018e 00        		.string	""
 146 018f 00        		.string	""
 147 0190 00        		.string	""
 148 0191 00        		.string	""
 149 0192 00        		.string	""
 150 0193 00        		.string	""
 151 0194 00        		.string	""
 152 0195 00        		.string	""
 153 0196 00        		.string	""
 154 0197 00        		.string	""
 155 0198 00        		.string	""
 156 0199 00        		.string	""
 157 019a 00        		.string	""
 158 019b 00        		.string	""
 159 019c 00        		.string	""
 160 019d 00        		.string	""
 161 019e 00        		.string	""
 162 019f 00        		.string	""
 163 01a0 00        		.string	""
 164 01a1 00        		.string	""
 165 01a2 C003 C003 		.string	"\300\003\300\003\300\003\300\003"
 165      C003 C003 
 165      00
 166 01ab 00        		.string	""
 167 01ac 00        		.string	""
 168 01ad 00        		.string	""
 169 01ae 00        		.string	""
 170 01af 00        		.string	""
 171 01b0 00        		.string	""
 172 01b1 00        		.string	""
 173 01b2 00        		.string	""
 174 01b3 00        		.string	""
 175 01b4 00        		.string	""
 176 01b5 00        		.string	""
 177 01b6 0600      		.string	"\006"
 178 01b8 0C00      		.string	"\f"
 179 01ba 0C00      		.string	"\f"
 180 01bc 1800      		.string	"\030"
 181 01be 1800      		.string	"\030"
 182 01c0 3000      		.string	"0"
 183 01c2 3000      		.string	"0"
 184 01c4 6000      		.string	"`"
 185 01c6 6000      		.string	"`"
 186 01c8 C000      		.string	"\300"
 187 01ca C000      		.string	"\300"
 188 01cc 8001 8001 		.string	"\200\001\200\001"
 188      00
 189 01d1 0300      		.string	"\003"
 190 01d3 0300      		.string	"\003"
 191 01d5 0600      		.string	"\006"
 192 01d7 0600      		.string	"\006"
 193 01d9 0C00      		.string	"\f"
 194 01db 0C00      		.string	"\f"
 195 01dd 1800      		.string	"\030"
 196 01df 1800      		.string	"\030"
 197 01e1 3000      		.string	"0"
 198 01e3 3000      		.string	"0"
 199 01e5 6000      		.string	"`"
 200 01e7 00        		.string	""
 201 01e8 00        		.string	""
 202 01e9 00        		.string	""
 203 01ea 00        		.string	""
 204 01eb 00        		.string	""
 205 01ec C007 E00F 		.string	"\300\007\340\017p\0348888\034p\034p\034p\034p\034p\034p\034p\034p\034p8888p\034\340\017\3
 205      701C 3838 
 205      3838 1C70 
 205      1C70 1C70 
 205      1C70 1C70 
 206 0213 00        		.string	""
 207 0214 00        		.string	""
 208 0215 00        		.string	""
 209 0216 00        		.string	""
 210 0217 00        		.string	""
 211 0218 00        		.string	""
 212 0219 00        		.string	""
 213 021a 00        		.string	""
 214 021b 00        		.string	""
 215 021c 00        		.string	""
 216 021d 00        		.string	""
 217 021e 00        		.string	""
 218 021f 00        		.string	""
 219 0220 C000      		.string	"\300"
 220 0222 C007 C03F 		.string	"\300\007\300?\3001\300\001\300\001\300\001\300\001\300\001\300\001\300\001\300\001\300\00
 220      C031 C001 
 220      C001 C001 
 220      C001 C001 
 220      C001 C001 
 221 0247 00        		.string	""
 222 0248 00        		.string	""
 223 0249 00        		.string	""
 224 024a 00        		.string	""
 225 024b 00        		.string	""
 226 024c 00        		.string	""
 227 024d 00        		.string	""
 228 024e 00        		.string	""
 229 024f 00        		.string	""
 230 0250 00        		.string	""
 231 0251 00        		.string	""
 232 0252 00        		.string	""
 233 0253 00        		.string	""
 234 0254 C00F E03F 		.string	"\300\017\340?p08"
 234      7030 3800 
 235 025c 3800      		.string	"8"
 236 025e 3800      		.string	"8"
 237 0260 3800      		.string	"8"
 238 0262 7000      		.string	"p"
 239 0264 7000      		.string	"p"
 240 0266 E000      		.string	"\340"
 241 0268 C001 8003 		.string	"\300\001\200\003"
 241      00
 242 026d 0700      		.string	"\007"
 243 026f 0E00      		.string	"\016"
 244 0271 0C00      		.string	"\f"
 245 0273 1C00      		.string	"\034"
 246 0275 38F8 3FF8 		.string	"8\370?\370?"
 246      3F00 
 247 027b 00        		.string	""
 248 027c 00        		.string	""
 249 027d 00        		.string	""
 250 027e 00        		.string	""
 251 027f 00        		.string	""
 252 0280 00        		.string	""
 253 0281 00        		.string	""
 254 0282 00        		.string	""
 255 0283 00        		.string	""
 256 0284 00        		.string	""
 257 0285 00        		.string	""
 258 0286 00        		.string	""
 259 0287 00        		.string	""
 260 0288 C00F F01F 		.string	"\300\017\360\037x\0208"
 260      7810 3800 
 261 0290 3800      		.string	"8"
 262 0292 3800      		.string	"8"
 263 0294 3000      		.string	"0"
 264 0296 6000      		.string	"`"
 265 0298 C007 E007 		.string	"\300\007\340\007\360"
 265      F000 
 266 029e 7800      		.string	"x"
 267 02a0 3800      		.string	"8"
 268 02a2 3800      		.string	"8"
 269 02a4 3800      		.string	"8"
 270 02a6 7800      		.string	"x"
 271 02a8 F010 E01F 		.string	"\360\020\340\037\300\037"
 271      C01F 00
 272 02af 00        		.string	""
 273 02b0 00        		.string	""
 274 02b1 00        		.string	""
 275 02b2 00        		.string	""
 276 02b3 00        		.string	""
 277 02b4 00        		.string	""
 278 02b5 00        		.string	""
 279 02b6 00        		.string	""
 280 02b7 00        		.string	""
 281 02b8 00        		.string	""
 282 02b9 00        		.string	""
 283 02ba 00        		.string	""
 284 02bb 00        		.string	""
 285 02bc 7000      		.string	"p"
 286 02be F000      		.string	"\360"
 287 02c0 F001 F001 		.string	"\360\001\360\001p\003p\007p\006p\fp\030p\030p0p`\376\177\376\177p"
 287      7003 7007 
 287      7006 700C 
 287      7018 7018 
 287      7030 7060 
 288 02da 7000      		.string	"p"
 289 02dc 7000      		.string	"p"
 290 02de 7000      		.string	"p"
 291 02e0 7000      		.string	"p"
 292 02e2 00        		.string	""
 293 02e3 00        		.string	""
 294 02e4 00        		.string	""
 295 02e5 00        		.string	""
 296 02e6 00        		.string	""
 297 02e7 00        		.string	""
 298 02e8 00        		.string	""
 299 02e9 00        		.string	""
 300 02ea 00        		.string	""
 301 02eb 00        		.string	""
 302 02ec 00        		.string	""
 303 02ed 00        		.string	""
 304 02ee 00        		.string	""
 305 02ef 00        		.string	""
 306 02f0 FC0F FC0F 		.string	"\374\017\374\017\374\017"
 306      FC0F 00
 307 02f7 0C00      		.string	"\f"
 308 02f9 0C00      		.string	"\f"
 309 02fb 0C00      		.string	"\f"
 310 02fd 0C00      		.string	"\f"
 311 02ff 0CC0 0FF0 		.string	"\f\300\017\360\017x"
 311      0F78 00
 312 0306 3C00      		.string	"<"
 313 0308 1C00      		.string	"\034"
 314 030a 1C00      		.string	"\034"
 315 030c 1C00      		.string	"\034"
 316 030e 3C00      		.string	"<"
 317 0310 7808 F00F 		.string	"x\b\360\017\300\017"
 317      C00F 00
 318 0317 00        		.string	""
 319 0318 00        		.string	""
 320 0319 00        		.string	""
 321 031a 00        		.string	""
 322 031b 00        		.string	""
 323 031c 00        		.string	""
 324 031d 00        		.string	""
 325 031e 00        		.string	""
 326 031f 00        		.string	""
 327 0320 00        		.string	""
 328 0321 00        		.string	""
 329 0322 00        		.string	""
 330 0323 00        		.string	""
 331 0324 F801 FC07 		.string	"\370\001\374\007\004\017"
 331      040F 00
 332 032b 0E00      		.string	"\016"
 333 032d 1C00      		.string	"\034"
 334 032f 1C00      		.string	"\034"
 335 0331 38F0 39F8 		.string	"8\3609\370;<>\036<\0168\0168\0168\016\034\034\034\034\016\370\017\340\003"
 335      3B3C 3E1E 
 335      3C0E 380E 
 335      380E 380E 
 335      1C1C 1C1C 
 336 034b 00        		.string	""
 337 034c 00        		.string	""
 338 034d 00        		.string	""
 339 034e 00        		.string	""
 340 034f 00        		.string	""
 341 0350 00        		.string	""
 342 0351 00        		.string	""
 343 0352 00        		.string	""
 344 0353 00        		.string	""
 345 0354 00        		.string	""
 346 0355 00        		.string	""
 347 0356 00        		.string	""
 348 0357 00        		.string	""
 349 0358 FC1F FC1F 		.string	"\374\037\374\037\374\037\030"
 349      FC1F 1800 
 350 0360 1800      		.string	"\030"
 351 0362 3000      		.string	"0"
 352 0364 3000      		.string	"0"
 353 0366 6000      		.string	"`"
 354 0368 4000      		.string	"@"
 355 036a C000      		.string	"\300"
 356 036c 8001 8001 		.string	"\200\001\200\001"
 356      00
 357 0371 0300      		.string	"\003"
 358 0373 0300      		.string	"\003"
 359 0375 0600      		.string	"\006"
 360 0377 0600      		.string	"\006"
 361 0379 0E00      		.string	"\016"
 362 037b 0C00      		.string	"\f"
 363 037d 0C00      		.string	"\f"
 364 037f 00        		.string	""
 365 0380 00        		.string	""
 366 0381 00        		.string	""
 367 0382 00        		.string	""
 368 0383 00        		.string	""
 369 0384 00        		.string	""
 370 0385 00        		.string	""
 371 0386 00        		.string	""
 372 0387 00        		.string	""
 373 0388 00        		.string	""
 374 0389 00        		.string	""
 375 038a 00        		.string	""
 376 038b 00        		.string	""
 377 038c E003 F00F 		.string	"\340\003\360\017x\0368\0348\0348\0340\036\360\017\300\007\360\017\370\034x\030<8\0348\034
 377      781E 381C 
 377      381C 381C 
 377      301E F00F 
 377      C007 F00F 
 378 03b3 00        		.string	""
 379 03b4 00        		.string	""
 380 03b5 00        		.string	""
 381 03b6 00        		.string	""
 382 03b7 00        		.string	""
 383 03b8 00        		.string	""
 384 03b9 00        		.string	""
 385 03ba 00        		.string	""
 386 03bb 00        		.string	""
 387 03bc 00        		.string	""
 388 03bd 00        		.string	""
 389 03be 00        		.string	""
 390 03bf 00        		.string	""
 391 03c0 E003 F80F 		.string	"\340\003\370\0178\034\034\034\0348\0168\0168\0168\036<>\036\356\017\316\007\016"
 391      381C 1C1C 
 391      1C38 0E38 
 391      0E38 0E38 
 391      1E3C 3E1E 
 392 03da 1C00      		.string	"\034"
 393 03dc 1C00      		.string	"\034"
 394 03de 3800      		.string	"8"
 395 03e0 7810 F01F 		.string	"x\020\360\037\300\017"
 395      C00F 00
 396 03e7 00        		.string	""
 397 03e8 00        		.string	""
 398 03e9 00        		.string	""
 399 03ea 00        		.string	""
 400 03eb 00        		.string	""
 401 03ec 00        		.string	""
 402 03ed 00        		.string	""
 403 03ee 00        		.string	""
 404 03ef 00        		.string	""
 405               	.global	font14
 408               	font14:
 409 03f0 00        		.string	""
 410 03f1 1010 1010 		.string	"\020\020\020\020\020\020\020"
 410      1010 1000 
 411 03f9 1010 00   		.string	"\020\020"
 412 03fc 00        		.string	""
 413 03fd 00        		.string	""
 414 03fe 2424 2424 		.string	"$$$$"
 414      00
 415 0403 00        		.string	""
 416 0404 00        		.string	""
 417 0405 00        		.string	""
 418 0406 00        		.string	""
 419 0407 00        		.string	""
 420 0408 00        		.string	""
 421 0409 00        		.string	""
 422 040a 00        		.string	""
 423 040b 00        		.string	""
 424 040c 00        		.string	""
 425 040d 0909 127F 		.string	"\t\t\022\177\022$\377$HH"
 425      1224 FF24 
 425      4848 00
 426 0418 00        		.string	""
 427 0419 00        		.string	""
 428 041a 103C 5050 		.string	"\020<PPP0\030\024\024\024x\020"
 428      5030 1814 
 428      1414 7810 
 428      00
 429 0427 00        		.string	""
 430 0428 00        		.string	""
 431 0429 6192 9494 		.string	"a\222\224\224h\026))I\206"
 431      6816 2929 
 431      4986 00
 432 0434 00        		.string	""
 433 0435 00        		.string	""
 434 0436 00        		.string	""
 435 0437 1824 2428 		.string	"\030$$(0\321\211\216\306\177"
 435      30D1 898E 
 435      C67F 00
 436 0442 00        		.string	""
 437 0443 00        		.string	""
 438 0444 1010 1010 		.string	"\020\020\020\020"
 438      00
 439 0449 00        		.string	""
 440 044a 00        		.string	""
 441 044b 00        		.string	""
 442 044c 00        		.string	""
 443 044d 00        		.string	""
 444 044e 00        		.string	""
 445 044f 00        		.string	""
 446 0450 00        		.string	""
 447 0451 00        		.string	""
 448 0452 060C 1010 		.string	"\006\f\020\020     \020\020\f\006"
 448      2020 2020 
 448      2010 100C 
 448      0600 
 449 0460 6030 0808 		.string	"`0\b\b\004\004\004\004\004\b\b0`"
 449      0404 0404 
 449      0408 0830 
 449      6000 
 450 046e 00        		.string	""
 451 046f 1010 6628 		.string	"\020\020f(4$"
 451      3424 00
 452 0476 00        		.string	""
 453 0477 00        		.string	""
 454 0478 00        		.string	""
 455 0479 00        		.string	""
 456 047a 00        		.string	""
 457 047b 00        		.string	""
 458 047c 00        		.string	""
 459 047d 00        		.string	""
 460 047e 00        		.string	""
 461 047f 00        		.string	""
 462 0480 1010 10FE 		.string	"\020\020\020\376\020\020\020"
 462      1010 1000 
 463 0488 00        		.string	""
 464 0489 00        		.string	""
 465 048a 00        		.string	""
 466 048b 00        		.string	""
 467 048c 00        		.string	""
 468 048d 00        		.string	""
 469 048e 00        		.string	""
 470 048f 00        		.string	""
 471 0490 00        		.string	""
 472 0491 00        		.string	""
 473 0492 00        		.string	""
 474 0493 1818 0810 		.string	"\030\030\b\020"
 474      00
 475 0498 00        		.string	""
 476 0499 00        		.string	""
 477 049a 00        		.string	""
 478 049b 00        		.string	""
 479 049c 00        		.string	""
 480 049d 00        		.string	""
 481 049e 7E00      		.string	"~"
 482 04a0 00        		.string	""
 483 04a1 00        		.string	""
 484 04a2 00        		.string	""
 485 04a3 00        		.string	""
 486 04a4 00        		.string	""
 487 04a5 00        		.string	""
 488 04a6 00        		.string	""
 489 04a7 00        		.string	""
 490 04a8 00        		.string	""
 491 04a9 00        		.string	""
 492 04aa 00        		.string	""
 493 04ab 00        		.string	""
 494 04ac 00        		.string	""
 495 04ad 00        		.string	""
 496 04ae 00        		.string	""
 497 04af 1818 00   		.string	"\030\030"
 498 04b2 00        		.string	""
 499 04b3 00        		.string	""
 500 04b4 0204 0404 		.string	"\002\004\004\004\b\b\030\020\020   @"
 500      0808 1810 
 500      1020 2020 
 500      4000 
 501 04c2 00        		.string	""
 502 04c3 1824 4242 		.string	"\030$BBBBBB$\030"
 502      4242 4242 
 502      2418 00
 503 04ce 00        		.string	""
 504 04cf 00        		.string	""
 505 04d0 00        		.string	""
 506 04d1 0878 0808 		.string	"\bx\b\b\b\b\b\b\b\177"
 506      0808 0808 
 506      087F 00
 507 04dc 00        		.string	""
 508 04dd 00        		.string	""
 509 04de 00        		.string	""
 510 04df 7804 0404 		.string	"x\004\004\004\b\b\020 @|"
 510      0808 1020 
 510      407C 00
 511 04ea 00        		.string	""
 512 04eb 00        		.string	""
 513 04ec 00        		.string	""
 514 04ed 3C02 0202 		.string	"<\002\002\002\034\002\002\002\002<"
 514      1C02 0202 
 514      023C 00
 515 04f8 00        		.string	""
 516 04f9 00        		.string	""
 517 04fa 00        		.string	""
 518 04fb 040C 1414 		.string	"\004\f\024\024$D~\004\004\004"
 518      2444 7E04 
 518      0404 00
 519 0506 00        		.string	""
 520 0507 00        		.string	""
 521 0508 00        		.string	""
 522 0509 3E20 2020 		.string	">   8\006\002\002\002<"
 522      3806 0202 
 522      023C 00
 523 0514 00        		.string	""
 524 0515 00        		.string	""
 525 0516 00        		.string	""
 526 0517 1C20 4040 		.string	"\034 @@\\bBB\"\034"
 526      5C62 4242 
 526      221C 00
 527 0522 00        		.string	""
 528 0523 00        		.string	""
 529 0524 00        		.string	""
 530 0525 7E02 0404 		.string	"~\002\004\004\b\020\020\020  "
 530      0810 1010 
 530      2020 00
 531 0530 00        		.string	""
 532 0531 00        		.string	""
 533 0532 00        		.string	""
 534 0533 3C42 4244 		.string	"<BBD8$BBB<"
 534      3824 4242 
 534      423C 00
 535 053e 00        		.string	""
 536 053f 00        		.string	""
 537 0540 00        		.string	""
 538 0541 3844 4242 		.string	"8DBBF:\002\002\0048"
 538      463A 0202 
 538      0438 00
 539 054c 00        		.string	""
 540 054d 00        		.string	""
 541 054e 00        		.string	""
 542 054f 00        		.string	""
 543 0550 00        		.string	""
 544 0551 00        		.string	""
 545 0552 1818 00   		.string	"\030\030"
 546 0555 00        		.string	""
 547 0556 00        		.string	""
 548 0557 1818 00   		.string	"\030\030"
 549 055a 00        		.string	""
 550 055b 00        		.string	""
 551 055c 00        		.string	""
 552 055d 00        		.string	""
 553 055e 00        		.string	""
 554 055f 00        		.string	""
 555 0560 1818 00   		.string	"\030\030"
 556 0563 00        		.string	""
 557 0564 00        		.string	""
 558 0565 1818 0810 		.string	"\030\030\b\020"
 558      00
 559 056a 00        		.string	""
 560 056b 00        		.string	""
 561 056c 00        		.string	""
 562 056d 00        		.string	""
 563 056e 020C 1060 		.string	"\002\f\020`\020\f\002"
 563      100C 0200 
 564 0576 00        		.string	""
 565 0577 00        		.string	""
 566 0578 00        		.string	""
 567 0579 00        		.string	""
 568 057a 00        		.string	""
 569 057b 00        		.string	""
 570 057c 00        		.string	""
 571 057d 7E00      		.string	"~"
 572 057f 00        		.string	""
 573 0580 7E00      		.string	"~"
 574 0582 00        		.string	""
 575 0583 00        		.string	""
 576 0584 00        		.string	""
 577 0585 00        		.string	""
 578 0586 00        		.string	""
 579 0587 00        		.string	""
 580 0588 00        		.string	""
 581 0589 00        		.string	""
 582 058a 4030 0806 		.string	"@0\b\006\b0@"
 582      0830 4000 
 583 0592 00        		.string	""
 584 0593 00        		.string	""
 585 0594 00        		.string	""
 586 0595 7C42 0204 		.string	"|B\002\004\b\020\020"
 586      0810 1000 
 587 059d 1010 00   		.string	"\020\020"
 588 05a0 00        		.string	""
 589 05a1 00        		.string	""
 590 05a2 00        		.string	""
 591 05a3 3C62 4E92 		.string	"<bN\222\222\222\226\333D<"
 591      9292 96DB 
 591      443C 00
 592 05ae 00        		.string	""
 593 05af 00        		.string	""
 594 05b0 00        		.string	""
 595 05b1 00        		.string	""
 596 05b2 0818 1424 		.string	"\b\030\024$$B~B\201"
 596      2442 7E42 
 596      8100 
 597 05bc 00        		.string	""
 598 05bd 00        		.string	""
 599 05be 00        		.string	""
 600 05bf 00        		.string	""
 601 05c0 7C42 4244 		.string	"|BBDxDBB|"
 601      7844 4242 
 601      7C00 
 602 05ca 00        		.string	""
 603 05cb 00        		.string	""
 604 05cc 00        		.string	""
 605 05cd 00        		.string	""
 606 05ce 3E40 8080 		.string	">@\200\200\200\200\200@>"
 606      8080 8040 
 606      3E00 
 607 05d8 00        		.string	""
 608 05d9 00        		.string	""
 609 05da 00        		.string	""
 610 05db 00        		.string	""
 611 05dc F884 8282 		.string	"\370\204\202\202\202\202\202\204\370"
 611      8282 8284 
 611      F800 
 612 05e6 00        		.string	""
 613 05e7 00        		.string	""
 614 05e8 00        		.string	""
 615 05e9 00        		.string	""
 616 05ea 7E40 4040 		.string	"~@@@|@@@~"
 616      7C40 4040 
 616      7E00 
 617 05f4 00        		.string	""
 618 05f5 00        		.string	""
 619 05f6 00        		.string	""
 620 05f7 00        		.string	""
 621 05f8 7E40 4040 		.string	"~@@@|@@@@"
 621      7C40 4040 
 621      4000 
 622 0602 00        		.string	""
 623 0603 00        		.string	""
 624 0604 00        		.string	""
 625 0605 00        		.string	""
 626 0606 3E40 8080 		.string	">@\200\200\200\216\202B>"
 626      808E 8242 
 626      3E00 
 627 0610 00        		.string	""
 628 0611 00        		.string	""
 629 0612 00        		.string	""
 630 0613 00        		.string	""
 631 0614 4242 4242 		.string	"BBBB~BBBB"
 631      7E42 4242 
 631      4200 
 632 061e 00        		.string	""
 633 061f 00        		.string	""
 634 0620 00        		.string	""
 635 0621 00        		.string	""
 636 0622 7C10 1010 		.string	"|\020\020\020\020\020\020\020|"
 636      1010 1010 
 636      7C00 
 637 062c 00        		.string	""
 638 062d 00        		.string	""
 639 062e 00        		.string	""
 640 062f 00        		.string	""
 641 0630 3C04 0404 		.string	"<\004\004\004\004\004\004\004x"
 641      0404 0404 
 641      7800 
 642 063a 00        		.string	""
 643 063b 00        		.string	""
 644 063c 00        		.string	""
 645 063d 00        		.string	""
 646 063e 4244 4850 		.string	"BDHP`PHDB"
 646      6050 4844 
 646      4200 
 647 0648 00        		.string	""
 648 0649 00        		.string	""
 649 064a 00        		.string	""
 650 064b 00        		.string	""
 651 064c 4040 4040 		.string	"@@@@@@@@~"
 651      4040 4040 
 651      7E00 
 652 0656 00        		.string	""
 653 0657 00        		.string	""
 654 0658 00        		.string	""
 655 0659 00        		.string	""
 656 065a C6C6 C6AA 		.string	"\306\306\306\252\252\252\222\202\202"
 656      AAAA 9282 
 656      8200 
 657 0664 00        		.string	""
 658 0665 00        		.string	""
 659 0666 00        		.string	""
 660 0667 00        		.string	""
 661 0668 4262 6252 		.string	"BbbRRJJFB"
 661      524A 4A46 
 661      4200 
 662 0672 00        		.string	""
 663 0673 00        		.string	""
 664 0674 00        		.string	""
 665 0675 00        		.string	""
 666 0676 3844 8282 		.string	"8D\202\202\202\202\202D8"
 666      8282 8244 
 666      3800 
 667 0680 00        		.string	""
 668 0681 00        		.string	""
 669 0682 00        		.string	""
 670 0683 00        		.string	""
 671 0684 7C42 4242 		.string	"|BBBFx@@@"
 671      4678 4040 
 671      4000 
 672 068e 00        		.string	""
 673 068f 00        		.string	""
 674 0690 00        		.string	""
 675 0691 00        		.string	""
 676 0692 3844 8282 		.string	"8D\202\202\202\202\202D8\006\003"
 676      8282 8244 
 676      3806 0300 
 677 069e 00        		.string	""
 678 069f 00        		.string	""
 679 06a0 7844 4444 		.string	"xDDDxHLDB"
 679      7848 4C44 
 679      4200 
 680 06aa 00        		.string	""
 681 06ab 00        		.string	""
 682 06ac 00        		.string	""
 683 06ad 00        		.string	""
 684 06ae 3E40 4060 		.string	">@@`\030\006\002\002|"
 684      1806 0202 
 684      7C00 
 685 06b8 00        		.string	""
 686 06b9 00        		.string	""
 687 06ba 00        		.string	""
 688 06bb 00        		.string	""
 689 06bc FE10 1010 		.string	"\376\020\020\020\020\020\020\020\020"
 689      1010 1010 
 689      1000 
 690 06c6 00        		.string	""
 691 06c7 00        		.string	""
 692 06c8 00        		.string	""
 693 06c9 00        		.string	""
 694 06ca 4242 4242 		.string	"BBBBBBBB<"
 694      4242 4242 
 694      3C00 
 695 06d4 00        		.string	""
 696 06d5 00        		.string	""
 697 06d6 00        		.string	""
 698 06d7 00        		.string	""
 699 06d8 8142 4244 		.string	"\201BBD$((\020\020"
 699      2428 2810 
 699      1000 
 700 06e2 00        		.string	""
 701 06e3 00        		.string	""
 702 06e4 00        		.string	""
 703 06e5 00        		.string	""
 704 06e6 8181 939A 		.string	"\201\201\223\232ZZff$"
 704      5A5A 6666 
 704      2400 
 705 06f0 00        		.string	""
 706 06f1 00        		.string	""
 707 06f2 00        		.string	""
 708 06f3 00        		.string	""
 709 06f4 8142 2418 		.string	"\201B$\030\030\030$B\201"
 709      1818 2442 
 709      8100 
 710 06fe 00        		.string	""
 711 06ff 00        		.string	""
 712 0700 00        		.string	""
 713 0701 00        		.string	""
 714 0702 8142 4428 		.string	"\201BD(\030\020\020\020\020"
 714      1810 1010 
 714      1000 
 715 070c 00        		.string	""
 716 070d 00        		.string	""
 717 070e 00        		.string	""
 718 070f 00        		.string	""
 719 0710 FE02 0408 		.string	"\376\002\004\b\020 @\200\376"
 719      1020 4080 
 719      FE00 
 720 071a 00        		.string	""
 721 071b 00        		.string	""
 722 071c 1E10 1010 		.string	"\036\020\020\020\020\020\020\020\020\020\020\020\036"
 722      1010 1010 
 722      1010 1010 
 722      1E00 
 723 072a 4020 2020 		.string	"@   \020\020\030\b\b\004\004\004\002"
 723      1010 1808 
 723      0804 0404 
 723      0200 
 724 0738 7808 0808 		.string	"x\b\b\b\b\b\b\b\b\b\b\bx"
 724      0808 0808 
 724      0808 0808 
 724      7800 
 725 0746 00        		.string	""
 726 0747 0808 1814 		.string	"\b\b\030\024\024$\"B"
 726      1424 2242 
 726      00
 727 0750 00        		.string	""
 728 0751 00        		.string	""
 729 0752 00        		.string	""
 730 0753 00        		.string	""
 731 0754 00        		.string	""
 732 0755 00        		.string	""
 733 0756 00        		.string	""
 734 0757 00        		.string	""
 735 0758 00        		.string	""
 736 0759 00        		.string	""
 737 075a 00        		.string	""
 738 075b 00        		.string	""
 739 075c 00        		.string	""
 740 075d 00        		.string	""
 741 075e 00        		.string	""
 742 075f FF00      		.string	"\377"
 743 0761 00        		.string	""
 744 0762 0804 00   		.string	"\b\004"
 745 0765 00        		.string	""
 746 0766 00        		.string	""
 747 0767 00        		.string	""
 748 0768 00        		.string	""
 749 0769 00        		.string	""
 750 076a 00        		.string	""
 751 076b 00        		.string	""
 752 076c 00        		.string	""
 753 076d 00        		.string	""
 754 076e 00        		.string	""
 755 076f 00        		.string	""
 756 0770 00        		.string	""
 757 0771 00        		.string	""
 758 0772 00        		.string	""
 759 0773 00        		.string	""
 760 0774 3C02 023E 		.string	"<\002\002>BB?"
 760      4242 3F00 
 761 077c 00        		.string	""
 762 077d 00        		.string	""
 763 077e 4040 4040 		.string	"@@@@\\bBBBb\\"
 763      5C62 4242 
 763      4262 5C00 
 764 078a 00        		.string	""
 765 078b 00        		.string	""
 766 078c 00        		.string	""
 767 078d 00        		.string	""
 768 078e 00        		.string	""
 769 078f 00        		.string	""
 770 0790 1E20 4040 		.string	"\036 @@@ \036"
 770      4020 1E00 
 771 0798 00        		.string	""
 772 0799 00        		.string	""
 773 079a 0202 0202 		.string	"\002\002\002\002:FBBBF:"
 773      3A46 4242 
 773      4246 3A00 
 774 07a6 00        		.string	""
 775 07a7 00        		.string	""
 776 07a8 00        		.string	""
 777 07a9 00        		.string	""
 778 07aa 00        		.string	""
 779 07ab 00        		.string	""
 780 07ac 3C22 427E 		.string	"<\"B~@@>"
 780      4040 3E00 
 781 07b4 00        		.string	""
 782 07b5 00        		.string	""
 783 07b6 0E10 1010 		.string	"\016\020\020\020~\020\020\020\020\020\020"
 783      7E10 1010 
 783      1010 1000 
 784 07c2 00        		.string	""
 785 07c3 00        		.string	""
 786 07c4 00        		.string	""
 787 07c5 00        		.string	""
 788 07c6 00        		.string	""
 789 07c7 00        		.string	""
 790 07c8 3E46 4242 		.string	">FBBBF:\002\002<@@@@\\bBBBBB"
 790      4246 3A02 
 790      023C 4040 
 790      4040 5C62 
 790      4242 4242 
 791 07de 00        		.string	""
 792 07df 00        		.string	""
 793 07e0 1818 00   		.string	"\030\030"
 794 07e3 00        		.string	""
 795 07e4 7808 0808 		.string	"x\b\b\b\b\b\b"
 795      0808 0800 
 796 07ec 00        		.string	""
 797 07ed 00        		.string	""
 798 07ee 0C0C 00   		.string	"\f\f"
 799 07f1 00        		.string	""
 800 07f2 3C04 0404 		.string	"<\004\004\004\004\004\004\004\004x@@@@DHP`XDB"
 800      0404 0404 
 800      0478 4040 
 800      4040 4448 
 800      5060 5844 
 801 0808 00        		.string	""
 802 0809 00        		.string	""
 803 080a 7808 0808 		.string	"x\b\b\b\b\b\b\b\b\b\b"
 803      0808 0808 
 803      0808 0800 
 804 0816 00        		.string	""
 805 0817 00        		.string	""
 806 0818 00        		.string	""
 807 0819 00        		.string	""
 808 081a 00        		.string	""
 809 081b 00        		.string	""
 810 081c B6DA 9292 		.string	"\266\332\222\222\222\222\222"
 810      9292 9200 
 811 0824 00        		.string	""
 812 0825 00        		.string	""
 813 0826 00        		.string	""
 814 0827 00        		.string	""
 815 0828 00        		.string	""
 816 0829 00        		.string	""
 817 082a 5C62 4242 		.string	"\\bBBBBB"
 817      4242 4200 
 818 0832 00        		.string	""
 819 0833 00        		.string	""
 820 0834 00        		.string	""
 821 0835 00        		.string	""
 822 0836 00        		.string	""
 823 0837 00        		.string	""
 824 0838 3844 8282 		.string	"8D\202\202\202D8"
 824      8244 3800 
 825 0840 00        		.string	""
 826 0841 00        		.string	""
 827 0842 00        		.string	""
 828 0843 00        		.string	""
 829 0844 00        		.string	""
 830 0845 00        		.string	""
 831 0846 5C62 4242 		.string	"\\bBBBb\\@@@"
 831      4262 5C40 
 831      4040 00
 832 0851 00        		.string	""
 833 0852 00        		.string	""
 834 0853 00        		.string	""
 835 0854 3A46 4242 		.string	":FBBBF:\002\002\002"
 835      4246 3A02 
 835      0202 00
 836 085f 00        		.string	""
 837 0860 00        		.string	""
 838 0861 00        		.string	""
 839 0862 5C64 4040 		.string	"\\d@@@@@"
 839      4040 4000 
 840 086a 00        		.string	""
 841 086b 00        		.string	""
 842 086c 00        		.string	""
 843 086d 00        		.string	""
 844 086e 00        		.string	""
 845 086f 00        		.string	""
 846 0870 3C40 6018 		.string	"<@`\030\004\004x"
 846      0404 7800 
 847 0878 00        		.string	""
 848 0879 00        		.string	""
 849 087a 00        		.string	""
 850 087b 00        		.string	""
 851 087c 2020 FE20 		.string	"  \376     \036"
 851      2020 2020 
 851      1E00 
 852 0886 00        		.string	""
 853 0887 00        		.string	""
 854 0888 00        		.string	""
 855 0889 00        		.string	""
 856 088a 00        		.string	""
 857 088b 00        		.string	""
 858 088c 4242 4242 		.string	"BBBBBF:"
 858      4246 3A00 
 859 0894 00        		.string	""
 860 0895 00        		.string	""
 861 0896 00        		.string	""
 862 0897 00        		.string	""
 863 0898 00        		.string	""
 864 0899 00        		.string	""
 865 089a 8142 4244 		.string	"\201BBD((\020"
 865      2828 1000 
 866 08a2 00        		.string	""
 867 08a3 00        		.string	""
 868 08a4 00        		.string	""
 869 08a5 00        		.string	""
 870 08a6 00        		.string	""
 871 08a7 00        		.string	""
 872 08a8 8189 5A5A 		.string	"\201\211ZZf$$"
 872      6624 2400 
 873 08b0 00        		.string	""
 874 08b1 00        		.string	""
 875 08b2 00        		.string	""
 876 08b3 00        		.string	""
 877 08b4 00        		.string	""
 878 08b5 00        		.string	""
 879 08b6 4224 1818 		.string	"B$\030\030\030$B"
 879      1824 4200 
 880 08be 00        		.string	""
 881 08bf 00        		.string	""
 882 08c0 00        		.string	""
 883 08c1 00        		.string	""
 884 08c2 00        		.string	""
 885 08c3 00        		.string	""
 886 08c4 8142 4224 		.string	"\201BB$$\030\030\0200\340"
 886      2418 1810 
 886      30E0 00
 887 08cf 00        		.string	""
 888 08d0 00        		.string	""
 889 08d1 00        		.string	""
 890 08d2 FE04 0810 		.string	"\376\004\b\020 @\376"
 890      2040 FE00 
 891 08da 00        		.string	""
 892 08db 00        		.string	""
 893               	.global	font8
 896               	font8:
 897 08dc 3078 7830 		.string	"0xx00"
 897      3000 
 898 08e2 3000      		.string	"0"
 899 08e4 6C6C 6C00 		.string	"lll"
 900 08e8 00        		.string	""
 901 08e9 00        		.string	""
 902 08ea 00        		.string	""
 903 08eb 00        		.string	""
 904 08ec 6C6C FE6C 		.string	"ll\376l\376ll"
 904      FE6C 6C00 
 905 08f4 307C C078 		.string	"0|\300x\f\3700"
 905      0CF8 3000 
 906 08fc 00        		.string	""
 907 08fd C6CC 1830 		.string	"\306\314\0300f\306"
 907      66C6 00
 908 0904 386C 3876 		.string	"8l8v\334\314v"
 908      DCCC 7600 
 909 090c 6060 C000 		.string	"``\300"
 910 0910 00        		.string	""
 911 0911 00        		.string	""
 912 0912 00        		.string	""
 913 0913 00        		.string	""
 914 0914 1830 6060 		.string	"\0300```0\030"
 914      6030 1800 
 915 091c 6030 1818 		.string	"`0\030\030\0300`"
 915      1830 6000 
 916 0924 00        		.string	""
 917 0925 663C FF3C 		.string	"f<\377<f"
 917      6600 
 918 092b 00        		.string	""
 919 092c 00        		.string	""
 920 092d 3030 FC30 		.string	"00\37400"
 920      3000 
 921 0933 00        		.string	""
 922 0934 00        		.string	""
 923 0935 00        		.string	""
 924 0936 00        		.string	""
 925 0937 00        		.string	""
 926 0938 00        		.string	""
 927 0939 7030 6000 		.string	"p0`"
 928 093d 00        		.string	""
 929 093e 00        		.string	""
 930 093f FC00      		.string	"\374"
 931 0941 00        		.string	""
 932 0942 00        		.string	""
 933 0943 00        		.string	""
 934 0944 00        		.string	""
 935 0945 00        		.string	""
 936 0946 00        		.string	""
 937 0947 00        		.string	""
 938 0948 00        		.string	""
 939 0949 3030 00   		.string	"00"
 940 094c 060C 1830 		.string	"\006\f\0300`\300\200"
 940      60C0 8000 
 941 0954 78CC DCFC 		.string	"x\314\334\374\354\314x"
 941      ECCC 7800 
 942 095c 30F0 3030 		.string	"0\3600000\374"
 942      3030 FC00 
 943 0964 78CC 0C38 		.string	"x\314\f8`\314\374"
 943      60CC FC00 
 944 096c 78CC 0C38 		.string	"x\314\f8\f\314x"
 944      0CCC 7800 
 945 0974 1C3C 6CCC 		.string	"\034<l\314\376\f\f"
 945      FE0C 0C00 
 946 097c FCC0 F80C 		.string	"\374\300\370\f\f\314x"
 946      0CCC 7800 
 947 0984 3860 C0F8 		.string	"8`\300\370\314\314x"
 947      CCCC 7800 
 948 098c FCCC 0C18 		.string	"\374\314\f\0300``"
 948      3060 6000 
 949 0994 78CC CC78 		.string	"x\314\314x\314\314x"
 949      CCCC 7800 
 950 099c 78CC CC7C 		.string	"x\314\314|\f\030p"
 950      0C18 7000 
 951 09a4 00        		.string	""
 952 09a5 00        		.string	""
 953 09a6 3030 00   		.string	"00"
 954 09a9 3030 00   		.string	"00"
 955 09ac 00        		.string	""
 956 09ad 00        		.string	""
 957 09ae 3030 00   		.string	"00"
 958 09b1 7030 6018 		.string	"p0`\0300`\300`0\030"
 958      3060 C060 
 958      3018 00
 959 09bc 00        		.string	""
 960 09bd 00        		.string	""
 961 09be FC00      		.string	"\374"
 962 09c0 FC00      		.string	"\374"
 963 09c2 00        		.string	""
 964 09c3 00        		.string	""
 965 09c4 6030 180C 		.string	"`0\030\f\0300`"
 965      1830 6000 
 966 09cc 78CC 0C18 		.string	"x\314\f\0300"
 966      3000 
 967 09d2 3000      		.string	"0"
 968 09d4 7CC6 DEDE 		.string	"|\306\336\336\336\300x"
 968      DEC0 7800 
 969 09dc 3078 CCCC 		.string	"0x\314\314\374\314\314"
 969      FCCC CC00 
 970 09e4 FC66 667C 		.string	"\374ff|ff\374"
 970      6666 FC00 
 971 09ec 3C66 C0C0 		.string	"<f\300\300\300f<"
 971      C066 3C00 
 972 09f4 FC6C 6666 		.string	"\374lfffl\374"
 972      666C FC00 
 973 09fc FE62 6878 		.string	"\376bhxhb\376"
 973      6862 FE00 
 974 0a04 FE62 6878 		.string	"\376bhxh`\360"
 974      6860 F000 
 975 0a0c 3C66 C0C0 		.string	"<f\300\300\316f>"
 975      CE66 3E00 
 976 0a14 CCCC CCFC 		.string	"\314\314\314\374\314\314\314"
 976      CCCC CC00 
 977 0a1c 7830 3030 		.string	"x00000x"
 977      3030 7800 
 978 0a24 1E0C 0C0C 		.string	"\036\f\f\f\314\314x"
 978      CCCC 7800 
 979 0a2c E666 6C78 		.string	"\346flxlf\346"
 979      6C66 E600 
 980 0a34 F060 6060 		.string	"\360```bf\376"
 980      6266 FE00 
 981 0a3c C6EE FED6 		.string	"\306\356\376\326\306\306\306"
 981      C6C6 C600 
 982 0a44 C6E6 F6DE 		.string	"\306\346\366\336\316\306\306"
 982      CEC6 C600 
 983 0a4c 386C C6C6 		.string	"8l\306\306\306l8"
 983      C66C 3800 
 984 0a54 FC66 667C 		.string	"\374ff|``\360"
 984      6060 F000 
 985 0a5c 78CC CCCC 		.string	"x\314\314\314\334x\034"
 985      DC78 1C00 
 986 0a64 FC66 667C 		.string	"\374ff|xl\346"
 986      786C E600 
 987 0a6c 78CC E038 		.string	"x\314\3408\034\314x"
 987      1CCC 7800 
 988 0a74 FCB4 3030 		.string	"\374\2640000x"
 988      3030 7800 
 989 0a7c CCCC CCCC 		.string	"\314\314\314\314\314\314\374"
 989      CCCC FC00 
 990 0a84 CCCC CCCC 		.string	"\314\314\314\314\314x0"
 990      CC78 3000 
 991 0a8c C6C6 C6D6 		.string	"\306\306\306\326\376\356\306"
 991      FEEE C600 
 992 0a94 C6C6 6C38 		.string	"\306\306l8l\306\306"
 992      6CC6 C600 
 993 0a9c CCCC CC78 		.string	"\314\314\314x00x"
 993      3030 7800 
 994 0aa4 FECC 9830 		.string	"\376\314\2300b\306\376"
 994      62C6 FE00 
 995 0aac 7860 6060 		.string	"x`````x"
 995      6060 7800 
 996 0ab4 C060 3018 		.string	"\300`0\030\f\006\002"
 996      0C06 0200 
 997 0abc 7818 1818 		.string	"x\030\030\030\030\030x"
 997      1818 7800 
 998 0ac4 1038 6CC6 		.string	"\0208l\306"
 998      00
 999 0ac9 00        		.string	""
 1000 0aca 00        		.string	""
 1001 0acb 00        		.string	""
 1002 0acc 00        		.string	""
 1003 0acd 00        		.string	""
 1004 0ace 00        		.string	""
 1005 0acf 00        		.string	""
 1006 0ad0 00        		.string	""
 1007 0ad1 00        		.string	""
 1008 0ad2 00        		.string	""
 1009 0ad3 FF30 3018 		.string	"\37700\030"
 1009      00
 1010 0ad8 00        		.string	""
 1011 0ad9 00        		.string	""
 1012 0ada 00        		.string	""
 1013 0adb 00        		.string	""
 1014 0adc 00        		.string	""
 1015 0add 00        		.string	""
 1016 0ade 780C 7CCC 		.string	"x\f|\314v"
 1016      7600 
 1017 0ae4 E060 7C66 		.string	"\340`|fff\274"
 1017      6666 BC00 
 1018 0aec 00        		.string	""
 1019 0aed 00        		.string	""
 1020 0aee 78CC C0CC 		.string	"x\314\300\314x"
 1020      7800 
 1021 0af4 1C0C 0C7C 		.string	"\034\f\f|\314\314v"
 1021      CCCC 7600 
 1022 0afc 00        		.string	""
 1023 0afd 00        		.string	""
 1024 0afe 78CC FCC0 		.string	"x\314\374\300x"
 1024      7800 
 1025 0b04 386C 60F0 		.string	"8l`\360``\360"
 1025      6060 F000 
 1026 0b0c 00        		.string	""
 1027 0b0d 00        		.string	""
 1028 0b0e 76CC CC7C 		.string	"v\314\314|\f\370\340`lvff\346"
 1028      0CF8 E060 
 1028      6C76 6666 
 1028      E600 
 1029 0b1c 3000      		.string	"0"
 1030 0b1e 7030 3030 		.string	"p000x"
 1030      7800 
 1031 0b24 1800      		.string	"\030"
 1032 0b26 7818 1818 		.string	"x\030\030\030\330p\340`flxl\346"
 1032      D870 E060 
 1032      666C 786C 
 1032      E600 
 1033 0b34 7030 3030 		.string	"p00000x"
 1033      3030 7800 
 1034 0b3c 00        		.string	""
 1035 0b3d 00        		.string	""
 1036 0b3e ECFE D6C6 		.string	"\354\376\326\306\306"
 1036      C600 
 1037 0b44 00        		.string	""
 1038 0b45 00        		.string	""
 1039 0b46 F8CC CCCC 		.string	"\370\314\314\314\314"
 1039      CC00 
 1040 0b4c 00        		.string	""
 1041 0b4d 00        		.string	""
 1042 0b4e 78CC CCCC 		.string	"x\314\314\314x"
 1042      7800 
 1043 0b54 00        		.string	""
 1044 0b55 00        		.string	""
 1045 0b56 DC66 667C 		.string	"\334ff|`\360"
 1045      60F0 00
 1046 0b5d 00        		.string	""
 1047 0b5e 76CC CC7C 		.string	"v\314\314|\f\036"
 1047      0C1E 00
 1048 0b65 00        		.string	""
 1049 0b66 D86C 6C60 		.string	"\330ll`\360"
 1049      F000 
 1050 0b6c 00        		.string	""
 1051 0b6d 00        		.string	""
 1052 0b6e 7CC0 780C 		.string	"|\300x\f\370"
 1052      F800 
 1053 0b74 1030 7C30 		.string	"\0200|004\030"
 1053      3034 1800 
 1054 0b7c 00        		.string	""
 1055 0b7d 00        		.string	""
 1056 0b7e CCCC CCCC 		.string	"\314\314\314\314v"
 1056      7600 
 1057 0b84 00        		.string	""
 1058 0b85 00        		.string	""
 1059 0b86 CCCC CC78 		.string	"\314\314\314x0"
 1059      3000 
 1060 0b8c 00        		.string	""
 1061 0b8d 00        		.string	""
 1062 0b8e C6C6 D6FE 		.string	"\306\306\326\376l"
 1062      6C00 
 1063 0b94 00        		.string	""
 1064 0b95 00        		.string	""
 1065 0b96 C66C 386C 		.string	"\306l8l\306"
 1065      C600 
 1066 0b9c 00        		.string	""
 1067 0b9d 00        		.string	""
 1068 0b9e CCCC CC7C 		.string	"\314\314\314|\f\370"
 1068      0CF8 00
 1069 0ba5 00        		.string	""
 1070 0ba6 FC98 3064 		.string	"\374\2300d\374"
 1070      FC00 
 1071               		.text
 1072               	.Letext0:
 1073               		.file 1 "fonts.h"
DEFINED SYMBOLS
                            *ABS*:0000000000000000 fonts.c
     /tmp/ccwLR7G7.s:2      *ABS*:000000000000003e __SP_H__
     /tmp/ccwLR7G7.s:3      *ABS*:000000000000003d __SP_L__
     /tmp/ccwLR7G7.s:4      *ABS*:000000000000003f __SREG__
     /tmp/ccwLR7G7.s:5      *ABS*:0000000000000000 __tmp_reg__
     /tmp/ccwLR7G7.s:6      *ABS*:0000000000000001 __zero_reg__
     /tmp/ccwLR7G7.s:14     .rodata:0000000000000000 pic
     /tmp/ccwLR7G7.s:130    .rodata:0000000000000180 font26
     /tmp/ccwLR7G7.s:408    .rodata:00000000000003f0 font14
     /tmp/ccwLR7G7.s:896    .rodata:00000000000008dc font8

UNDEFINED SYMBOLS
__do_copy_data
